<?xml version="1.0" encoding="UTF-8"?>
<!-- Generated by org.testng.reporters.JUnitReportReporter -->
<testsuite skipped="0" hostname="LAPTOP-4546JIL5" name="com.moneycontrol.test.Scenario" tests="3" failures="0" timestamp="2021-04-20T12:19:45 IST" time="53.951" errors="0">
  <testcase name="validateHomepage" time="0.152" classname="com.moneycontrol.test.Scenario"/>
  <system-out/>
  <testcase name="validateAllstatpage" time="31.449" classname="com.moneycontrol.test.Scenario"/>
  <system-out/>
  <testcase name="extractData" time="22.350" classname="com.moneycontrol.test.Scenario"/>
  <system-out/>
</testsuite> <!-- com.moneycontrol.test.Scenario -->
