<?xml version="1.0" encoding="UTF-8"?>
<!-- Generated by org.testng.reporters.JUnitReportReporter -->
<testsuite skipped="0" hostname="LAPTOP-4546JIL5" name="com.trendlyn.test.Trendlynetest" tests="3" failures="0" timestamp="2021-08-22T16:53:20 IST" time="27.539" errors="0">
  <testcase name="validateHomepage" time="0.319" classname="com.trendlyn.test.Trendlynetest"/>
  <system-out/>
  <testcase name="market" time="5.829" classname="com.trendlyn.test.Trendlynetest"/>
  <system-out/>
  <testcase name="exportData" time="21.391" classname="com.trendlyn.test.Trendlynetest"/>
  <system-out/>
</testsuite> <!-- com.trendlyn.test.Trendlynetest -->
