<?xml version="1.0" encoding="UTF-8"?>
<!-- Generated by org.testng.reporters.JUnitReportReporter -->
<testsuite hostname="DESKTOP-858BG16" failures="0" tests="3" name="com.moneycontrol.test.Scenario" time="13.776" errors="0" timestamp="2021-09-19T19:12:16 IST" skipped="0">
  <testcase classname="com.moneycontrol.test.Scenario" name="validateHomepage" time="0.135"/>
  <system-out/>
  <testcase classname="com.moneycontrol.test.Scenario" name="validateAllstatpage" time="8.435"/>
  <system-out/>
  <testcase classname="com.moneycontrol.test.Scenario" name="extractData" time="5.206"/>
  <system-out/>
</testsuite> <!-- com.moneycontrol.test.Scenario -->
