<?xml version="1.0" encoding="UTF-8"?>
<!-- Generated by org.testng.reporters.JUnitReportReporter -->
<testsuite skipped="0" hostname="LAPTOP-4546JIL5" name="com.moneycontrol.test.Scenario" tests="3" failures="0" timestamp="2021-04-22T11:48:28 IST" time="91.951" errors="0">
  <testcase name="validateHomepage" time="0.771" classname="com.moneycontrol.test.Scenario"/>
  <system-out/>
  <testcase name="validateAllstatpage" time="57.289" classname="com.moneycontrol.test.Scenario"/>
  <system-out/>
  <testcase name="extractData" time="33.891" classname="com.moneycontrol.test.Scenario"/>
  <system-out/>
</testsuite> <!-- com.moneycontrol.test.Scenario -->
