<?xml version="1.0" encoding="UTF-8"?>
<!-- Generated by org.testng.reporters.JUnitReportReporter -->
<testsuite skipped="0" hostname="LAPTOP-4546JIL5" name="com.moneycontrol.test.Trendlynetest" tests="1" failures="0" timestamp="2021-05-03T13:11:13 IST" time="0.232" errors="0">
  <testcase name="validateHomepage" time="0.232" classname="com.moneycontrol.test.Trendlynetest"/>
  <system-out/>
</testsuite> <!-- com.moneycontrol.test.Trendlynetest -->
