<?xml version="1.0" encoding="UTF-8"?>
<!-- Generated by org.testng.reporters.JUnitReportReporter -->
<testsuite hostname="DESKTOP-858BG16" failures="0" tests="3" name="com.trendlyn.test.OversoldStocks" time="53.234" errors="0" timestamp="2021-10-28T21:05:04 IST" skipped="0">
  <testcase classname="com.trendlyn.test.OversoldStocks" name="getMidCapOversoldStocks" time="16.875"/>
  <system-out/>
  <testcase classname="com.trendlyn.test.OversoldStocks" name="getNiftySmallCapOversoldStocks" time="17.393"/>
  <system-out/>
  <testcase classname="com.trendlyn.test.OversoldStocks" name="getLargeCapOversoldStocks" time="18.966"/>
  <system-out/>
</testsuite> <!-- com.trendlyn.test.OversoldStocks -->
