<?xml version="1.0" encoding="UTF-8"?>
<!-- Generated by org.testng.reporters.JUnitReportReporter -->
<testsuite hostname="DESKTOP-858BG16" failures="0" tests="1" name="com.tickertape.test.SwingTrade" time="0.011" errors="0" timestamp="2021-10-23T16:06:59 IST" skipped="0">
  <testcase classname="com.tickertape.test.SwingTrade" name="test" time="0.011"/>
  <system-out/>
</testsuite> <!-- com.tickertape.test.SwingTrade -->
