<?xml version="1.0" encoding="UTF-8"?>
<!-- Generated by org.testng.reporters.JUnitReportReporter -->
<testsuite skipped="0" hostname="LAPTOP-4546JIL5" name="com.moneycontrol.test.Logcheck" tests="1" failures="0" timestamp="2021-04-22T12:35:21 IST" time="0.011" errors="0">
  <testcase name="logtest" time="0.011" classname="com.moneycontrol.test.Logcheck"/>
  <system-out/>
</testsuite> <!-- com.moneycontrol.test.Logcheck -->
