<?xml version="1.0" encoding="UTF-8"?>
<!-- Generated by org.testng.reporters.JUnitReportReporter -->
<testsuite hostname="DESKTOP-858BG16" failures="0" tests="1" name="com.trendlyn.test.OversoldStocks" time="11.392" errors="0" timestamp="2021-10-23T13:15:26 IST" skipped="0">
  <testcase classname="com.trendlyn.test.OversoldStocks" name="getLargeCapOversoldStocks" time="11.392"/>
  <system-out/>
</testsuite> <!-- com.trendlyn.test.OversoldStocks -->
