<?xml version="1.0" encoding="UTF-8"?>
<!-- Generated by org.testng.reporters.JUnitReportReporter -->
<testsuite hostname="DESKTOP-858BG16" failures="0" tests="3" name="com.trendlyn.test.Trendlynetest" time="25.351" errors="0" timestamp="2021-10-23T13:15:26 IST" skipped="0">
  <testcase classname="com.trendlyn.test.Trendlynetest" name="validateHomepage" time="0.280"/>
  <system-out/>
  <testcase classname="com.trendlyn.test.Trendlynetest" name="market" time="9.050"/>
  <system-out/>
  <testcase classname="com.trendlyn.test.Trendlynetest" name="exportData" time="16.021"/>
  <system-out/>
</testsuite> <!-- com.trendlyn.test.Trendlynetest -->
