<?xml version="1.0" encoding="UTF-8"?>
<!-- Generated by org.testng.reporters.JUnitReportReporter -->
<testsuite hostname="DESKTOP-858BG16" failures="0" tests="3" name="com.trendlyn.test.Trendlynetest" time="50.134" errors="0" timestamp="2021-09-19T19:50:14 IST" skipped="0">
  <testcase classname="com.trendlyn.test.Trendlynetest" name="validateHomepage" time="0.327"/>
  <system-out/>
  <testcase classname="com.trendlyn.test.Trendlynetest" name="market" time="9.309"/>
  <system-out/>
  <testcase classname="com.trendlyn.test.Trendlynetest" name="exportData" time="40.498"/>
  <system-out/>
</testsuite> <!-- com.trendlyn.test.Trendlynetest -->
