<?xml version="1.0" encoding="UTF-8"?>
<!-- Generated by org.testng.reporters.JUnitReportReporter -->
<testsuite skipped="0" hostname="LAPTOP-4546JIL5" name="com.moneycontrol.test.Scenario" tests="3" failures="0" timestamp="2021-08-18T21:43:23 IST" time="37.514" errors="0">
  <testcase name="validateHomepage" time="0.065" classname="com.moneycontrol.test.Scenario"/>
  <system-out/>
  <testcase name="validateAllstatpage" time="23.818" classname="com.moneycontrol.test.Scenario"/>
  <system-out/>
  <testcase name="extractData" time="13.631" classname="com.moneycontrol.test.Scenario"/>
  <system-out/>
</testsuite> <!-- com.moneycontrol.test.Scenario -->
